<?xml version="1.0" encoding="UTF-8"?>
<!-- Generated by org.testng.reporters.JUnitReportReporter -->
<testsuite skipped="0" hostname="Roja-PC" name="qaclickacademy.RestAPITest" tests="2" failures="0" timestamp="2020-03-10T13:04:52 IST" time="0.002" errors="0">
  <testcase name="postJira" time="0.001" classname="qaclickacademy.RestAPITest"/>
  <system-out/>
  <testcase name="DeleteTwitter" time="0.001" classname="qaclickacademy.RestAPITest"/>
  <system-out/>
</testsuite> <!-- qaclickacademy.RestAPITest -->
